1492127661243	geckodriver	INFO	Listening on 127.0.0.1:48551
1492127662339	mozprofile::profile	INFO	Using profile path /tmp/rust_mozprofile.YM0hhLRZVlOT
1492127662340	geckodriver::marionette	INFO	Starting browser /usr/bin/firefox
1492127662343	geckodriver::marionette	INFO	Connecting to Marionette on localhost:34064
1492127663118	Marionette	INFO	Listening on port 34064
1492127663965	Marionette	WARN	TLS certificate errors will be ignored for this session
1492127665482	Marionette	WARN	Using deprecated data structure for setting timeouts
1492127665489	Marionette	INFO	New connections will no longer be accepted
[Child 3363] WARNING: pipe error (30): Connection reset by peer: file /build/firefox-ZWwcnj/firefox-52.0.1+build2/ipc/chromium/src/chrome/common/ipc_channel_posix.cc, line 322
[Child 3363] WARNING: pipe error (3): Connection reset by peer: file /build/firefox-ZWwcnj/firefox-52.0.1+build2/ipc/chromium/src/chrome/common/ipc_channel_posix.cc, line 322
[Child 3363] ###!!! ABORT: Aborting on channel error.: file /build/firefox-ZWwcnj/firefox-52.0.1+build2/ipc/glue/MessageChannel.cpp, line 2143
[Child 3363] ###!!! ABORT: Aborting on channel error.: file /build/firefox-ZWwcnj/firefox-52.0.1+build2/ipc/glue/MessageChannel.cpp, line 2143
1492177951063	geckodriver	INFO	Listening on 127.0.0.1:40488
1492177952148	mozprofile::profile	INFO	Using profile path /tmp/rust_mozprofile.SBIuI6kJavUA
1492177952149	geckodriver::marionette	INFO	Starting browser /usr/bin/firefox
1492177952152	geckodriver::marionette	INFO	Connecting to Marionette on localhost:32978
1492177952848	Marionette	INFO	Listening on port 32978
1492177953884	Marionette	WARN	TLS certificate errors will be ignored for this session
1492177955408	Marionette	WARN	Using deprecated data structure for setting timeouts
1492177955659	Marionette	INFO	New connections will no longer be accepted
[Child 25555] WARNING: pipe error (3): Connection reset by peer: file /build/firefox-ZWwcnj/firefox-52.0.1+build2/ipc/chromium/src/chrome/common/ipc_channel_posix.cc, line 322
[Child 25555] ###!!! ABORT: Aborting on channel error.: file /build/firefox-ZWwcnj/firefox-52.0.1+build2/ipc/glue/MessageChannel.cpp, line 2143
[Child 25555] ###!!! ABORT: Aborting on channel error.: file /build/firefox-ZWwcnj/firefox-52.0.1+build2/ipc/glue/MessageChannel.cpp, line 2143
1492178065171	geckodriver	INFO	Listening on 127.0.0.1:60993
1492178066245	mozprofile::profile	INFO	Using profile path /tmp/rust_mozprofile.4Co8LHyR3hjF
1492178066245	geckodriver::marionette	INFO	Starting browser /usr/bin/firefox
1492178066248	geckodriver::marionette	INFO	Connecting to Marionette on localhost:45427
1492178066955	Marionette	INFO	Listening on port 45427
1492178067793	Marionette	WARN	TLS certificate errors will be ignored for this session
1492178069140	Marionette	WARN	Using deprecated data structure for setting timeouts
1492178069301	Marionette	INFO	New connections will no longer be accepted
[Child 25705] ###!!! ABORT: Aborting on channel error.: file /build/firefox-ZWwcnj/firefox-52.0.1+build2/ipc/glue/MessageChannel.cpp, line 2143
[Child 25705] ###!!! ABORT: Aborting on channel error.: file /build/firefox-ZWwcnj/firefox-52.0.1+build2/ipc/glue/MessageChannel.cpp, line 2143

###!!! [Child][MessageChannel] Error: (msgtype=0x3E0003,name=PCompositable::Msg_Destroy) Channel error: cannot send/recv


###!!! [Child][MessageChannel] Error: (msgtype=0xE40003,name=PTexture::Msg_Destroy) Channel error: cannot send/recv


###!!! [Child][MessageChannel] Error: (msgtype=0x3E0003,name=PCompositable::Msg_Destroy) Channel error: cannot send/recv

1492180229135	geckodriver	INFO	Listening on 127.0.0.1:52103
1492180230215	mozprofile::profile	INFO	Using profile path /tmp/rust_mozprofile.ZMOvAgbkYhiH
1492180230215	geckodriver::marionette	INFO	Starting browser /usr/bin/firefox
1492180230218	geckodriver::marionette	INFO	Connecting to Marionette on localhost:36871
1492180230959	Marionette	INFO	Listening on port 36871
1492180231906	Marionette	WARN	TLS certificate errors will be ignored for this session
1492180233446	Marionette	WARN	Using deprecated data structure for setting timeouts

###!!! [Child][MessageChannel] Error: (msgtype=0x4C0001,name=PCrashReporter::Msg_AnnotateCrashReport) Channel error: cannot send/recv

Crash Annotation GraphicsCriticalError: |[C0][GFX1-]: Receive IPC close with reason=AbnormalShutdown (t=15.8801) 
###!!! [Child][MessageChannel] Error: (msgtype=0x4600D5,name=PContent::Msg_GraphicsError) Channel error: cannot send/recv

[GFX1-]: Receive IPC close with reason=AbnormalShutdown
1492180770598	geckodriver	INFO	Listening on 127.0.0.1:52505
1492180771673	mozprofile::profile	INFO	Using profile path /tmp/rust_mozprofile.RzBEC85wGtI1
1492180771673	geckodriver::marionette	INFO	Starting browser /usr/bin/firefox
1492180771676	geckodriver::marionette	INFO	Connecting to Marionette on localhost:46169
1492180772408	Marionette	INFO	Listening on port 46169
1492180773256	Marionette	WARN	TLS certificate errors will be ignored for this session
1492180774692	Marionette	WARN	Using deprecated data structure for setting timeouts
1492180803838	geckodriver	INFO	Listening on 127.0.0.1:33217
1492180804911	mozprofile::profile	INFO	Using profile path /tmp/rust_mozprofile.QkSMOKqImmzl
1492180804912	geckodriver::marionette	INFO	Starting browser /usr/bin/firefox
1492180804915	geckodriver::marionette	INFO	Connecting to Marionette on localhost:41873
1492180805626	Marionette	INFO	Listening on port 41873
1492180806425	Marionette	WARN	TLS certificate errors will be ignored for this session
1492180807900	Marionette	WARN	Using deprecated data structure for setting timeouts
1492181082299	geckodriver	INFO	Listening on 127.0.0.1:49280
1492181083376	mozprofile::profile	INFO	Using profile path /tmp/rust_mozprofile.8FwGC9ATQgD6
1492181083377	geckodriver::marionette	INFO	Starting browser /usr/bin/firefox
1492181083380	geckodriver::marionette	INFO	Connecting to Marionette on localhost:38757
1492181084081	Marionette	INFO	Listening on port 38757
1492181084999	Marionette	WARN	TLS certificate errors will be ignored for this session
1492181086450	Marionette	WARN	Using deprecated data structure for setting timeouts
1492181086720	Marionette	INFO	New connections will no longer be accepted
[Child 26757] ###!!! ABORT: Aborting on channel error.: file /build/firefox-ZWwcnj/firefox-52.0.1+build2/ipc/glue/MessageChannel.cpp, line 2143

###!!! [Child][MessageChannel] Error: (msgtype=0x3E0003,name=PCompositable::Msg_Destroy) Channel error: cannot send/recv

[Child 26757] ###!!! ABORT: Aborting on channel error.: file /build/firefox-ZWwcnj/firefox-52.0.1+build2/ipc/glue/MessageChannel.cpp, line 2143

###!!! [Child][MessageChannel] Error: (msgtype=0xE40003,name=PTexture::Msg_Destroy) Channel error: cannot send/recv


###!!! [Child][MessageChannel] Error: (msgtype=0xE40003,name=PTexture::Msg_Destroy) Channel error: cannot send/recv


###!!! [Child][MessageChannel] Error: (msgtype=0x3E0003,name=PCompositable::Msg_Destroy) Channel error: cannot send/recv


###!!! [Child][MessageChannel] Error: (msgtype=0xE40003,name=PTexture::Msg_Destroy) Channel error: cannot send/recv


###!!! [Child][MessageChannel] Error: (msgtype=0xE40003,name=PTexture::Msg_Destroy) Channel error: cannot send/recv


###!!! [Child][MessageChannel] Error: (msgtype=0x3E0003,name=PCompositable::Msg_Destroy) Channel error: cannot send/recv


###!!! [Child][MessageChannel] Error: (msgtype=0xE40003,name=PTexture::Msg_Destroy) Channel error: cannot send/recv


###!!! [Child][MessageChannel] Error: (msgtype=0xE40003,name=PTexture::Msg_Destroy) Channel error: cannot send/recv


###!!! [Child][MessageChannel] Error: (msgtype=0x3E0003,name=PCompositable::Msg_Destroy) Channel error: cannot send/recv

